<?xml version="1.0" encoding="UTF-8"?>
<testsuite xmlns:xsi="http://www.w3.org/2001/XMLSchema-instance" xsi:noNamespaceSchemaLocation="https://maven.apache.org/surefire/maven-surefire-plugin/xsd/surefire-test-report.xsd" name="metapath2vec.GetMetaPathWalksTests" time="10.497" tests="1" errors="0" skipped="0" failures="0">
  <properties>
    <property name="sun.desktop" value="gnome"/>
    <property name="awt.toolkit" value="sun.awt.X11.XToolkit"/>
    <property name="java.specification.version" value="11"/>
    <property name="sun.cpu.isalist" value=""/>
    <property name="sun.jnu.encoding" value="UTF-8"/>
    <property name="java.class.path" value="/home/sak/Desktop/intensive_course/term_project/neo4j-procedure-template/target/test-classes:/home/sak/Desktop/intensive_course/term_project/neo4j-procedure-template/target/classes:/home/sak/.m2/repository/org/neo4j/neo4j/4.4.5/neo4j-4.4.5.jar:/home/sak/.m2/repository/org/neo4j/annotations/4.4.5/annotations-4.4.5.jar:/home/sak/.m2/repository/org/eclipse/collections/eclipse-collections/10.4.0/eclipse-collections-10.4.0.jar:/home/sak/.m2/repository/org/eclipse/collections/eclipse-collections-api/10.4.0/eclipse-collections-api-10.4.0.jar:/home/sak/.m2/repository/org/apache/commons/commons-lang3/3.12.0/commons-lang3-3.12.0.jar:/home/sak/.m2/repository/org/neo4j/neo4j-kernel/4.4.5/neo4j-kernel-4.4.5.jar:/home/sak/.m2/repository/org/neo4j/neo4j-native/4.4.5/neo4j-native-4.4.5.jar:/home/sak/.m2/repository/net/java/dev/jna/jna/5.9.0/jna-5.9.0.jar:/home/sak/.m2/repository/org/neo4j/neo4j-graphdb-api/4.4.5/neo4j-graphdb-api-4.4.5.jar:/home/sak/.m2/repository/org/neo4j/neo4j-storage-engine-api/4.4.5/neo4j-storage-engine-api-4.4.5.jar:/home/sak/.m2/repository/org/neo4j/neo4j-lock/4.4.5/neo4j-lock-4.4.5.jar:/home/sak/.m2/repository/org/neo4j/neo4j-diagnostics/4.4.5/neo4j-diagnostics-4.4.5.jar:/home/sak/.m2/repository/org/neo4j/neo4j-token-api/4.4.5/neo4j-token-api-4.4.5.jar:/home/sak/.m2/repository/org/neo4j/neo4j-schema/4.4.5/neo4j-schema-4.4.5.jar:/home/sak/.m2/repository/org/neo4j/neo4j-monitoring/4.4.5/neo4j-monitoring-4.4.5.jar:/home/sak/.m2/repository/org/neo4j/neo4j-kernel-api/4.4.5/neo4j-kernel-api-4.4.5.jar:/home/sak/.m2/repository/org/neo4j/neo4j-common/4.4.5/neo4j-common-4.4.5.jar:/home/sak/.m2/repository/org/neo4j/neo4j-values/4.4.5/neo4j-values-4.4.5.jar:/home/sak/.m2/repository/org/neo4j/neo4j-unsafe/4.4.5/neo4j-unsafe-4.4.5.jar:/home/sak/.m2/repository/com/github/jbellis/jamm/0.3.3/jamm-0.3.3.jar:/home/sak/.m2/repository/org/neo4j/neo4j-collections/4.4.5/neo4j-collections-4.4.5.jar:/home/sak/.m2/repository/org/neo4j/neo4j-io/4.4.5/neo4j-io-4.4.5.jar:/home/sak/.m2/repository/org/neo4j/neo4j-concurrent/4.4.5/neo4j-concurrent-4.4.5.jar:/home/sak/.m2/repository/org/neo4j/neo4j-logging/4.4.5/neo4j-logging-4.4.5.jar:/home/sak/.m2/repository/org/codehaus/jettison/jettison/1.4.1/jettison-1.4.1.jar:/home/sak/.m2/repository/org/neo4j/neo4j-configuration/4.4.5/neo4j-configuration-4.4.5.jar:/home/sak/.m2/repository/com/github/seancfoley/ipaddress/5.3.3/ipaddress-5.3.3.jar:/home/sak/.m2/repository/org/neo4j/neo4j-layout/4.4.5/neo4j-layout-4.4.5.jar:/home/sak/.m2/repository/org/neo4j/neo4j-index/4.4.5/neo4j-index-4.4.5.jar:/home/sak/.m2/repository/org/neo4j/neo4j-spatial-index/4.4.5/neo4j-spatial-index-4.4.5.jar:/home/sak/.m2/repository/org/neo4j/neo4j-id-generator/4.4.5/neo4j-id-generator-4.4.5.jar:/home/sak/.m2/repository/org/neo4j/neo4j-wal/4.4.5/neo4j-wal-4.4.5.jar:/home/sak/.m2/repository/org/neo4j/neo4j-import-util/4.4.5/neo4j-import-util-4.4.5.jar:/home/sak/.m2/repository/org/neo4j/neo4j-csv/4.4.5/neo4j-csv-4.4.5.jar:/home/sak/.m2/repository/org/jctools/jctools-core/3.3.0/jctools-core-3.3.0.jar:/home/sak/.m2/repository/commons-io/commons-io/2.11.0/commons-io-2.11.0.jar:/home/sak/.m2/repository/org/neo4j/neo4j-fabric/4.4.5/neo4j-fabric-4.4.5.jar:/home/sak/.m2/repository/io/projectreactor/reactor-core/3.4.11/reactor-core-3.4.11.jar:/home/sak/.m2/repository/org/neo4j/neo4j-front-end/4.4.5/neo4j-front-end-4.4.5.jar:/home/sak/.m2/repository/org/neo4j/neo4j-expressions/4.4.5/neo4j-expressions-4.4.5.jar:/home/sak/.m2/repository/org/neo4j/neo4j-parser/4.4.5/neo4j-parser-4.4.5.jar:/home/sak/.m2/repository/org/neo4j/neo4j-cypher-macros/4.4.5/neo4j-cypher-macros-4.4.5.jar:/home/sak/.m2/repository/org/scala-lang/scala-reflect/2.12.13/scala-reflect-2.12.13.jar:/home/sak/.m2/repository/org/neo4j/neo4j-procedure/4.4.5/neo4j-procedure-4.4.5.jar:/home/sak/.m2/repository/org/neo4j/neo4j-procedure-api/4.4.5/neo4j-procedure-api-4.4.5.jar:/home/sak/.m2/repository/org/neo4j/neo4j-codegen/4.4.5/neo4j-codegen-4.4.5.jar:/home/sak/.m2/repository/org/ow2/asm/asm-util/9.2/asm-util-9.2.jar:/home/sak/.m2/repository/org/ow2/asm/asm-analysis/9.2/asm-analysis-9.2.jar:/home/sak/.m2/repository/org/ow2/asm/asm-tree/9.2/asm-tree-9.2.jar:/home/sak/.m2/repository/org/neo4j/neo4j-cypher-expression-evaluator/4.4.5/neo4j-cypher-expression-evaluator-4.4.5.jar:/home/sak/.m2/repository/org/neo4j/neo4j-ast/4.4.5/neo4j-ast-4.4.5.jar:/home/sak/.m2/repository/org/neo4j/neo4j-lucene-index/4.4.5/neo4j-lucene-index-4.4.5.jar:/home/sak/.m2/repository/org/neo4j/neo4j-resource/4.4.5/neo4j-resource-4.4.5.jar:/home/sak/.m2/repository/org/apache/lucene/lucene-analyzers-common/8.9.0/lucene-analyzers-common-8.9.0.jar:/home/sak/.m2/repository/org/apache/lucene/lucene-core/8.9.0/lucene-core-8.9.0.jar:/home/sak/.m2/repository/org/apache/lucene/lucene-queryparser/8.9.0/lucene-queryparser-8.9.0.jar:/home/sak/.m2/repository/org/apache/lucene/lucene-backward-codecs/8.9.0/lucene-backward-codecs-8.9.0.jar:/home/sak/.m2/repository/org/neo4j/neo4j-fulltext-index/4.4.5/neo4j-fulltext-index-4.4.5.jar:/home/sak/.m2/repository/org/neo4j/neo4j-graph-algo/4.4.5/neo4j-graph-algo-4.4.5.jar:/home/sak/.m2/repository/org/neo4j/neo4j-cypher-runtime-util/4.4.5/neo4j-cypher-runtime-util-4.4.5.jar:/home/sak/.m2/repository/org/neo4j/neo4j-cypher-logical-plans/4.4.5/neo4j-cypher-logical-plans-4.4.5.jar:/home/sak/.m2/repository/org/neo4j/neo4j-data-collector/4.4.5/neo4j-data-collector-4.4.5.jar:/home/sak/.m2/repository/org/neo4j/neo4j-cypher-planner/4.4.5/neo4j-cypher-planner-4.4.5.jar:/home/sak/.m2/repository/org/neo4j/neo4j-cypher-ir/4.4.5/neo4j-cypher-ir-4.4.5.jar:/home/sak/.m2/repository/org/neo4j/neo4j-cypher-javacc-parser/4.4.5/neo4j-cypher-javacc-parser-4.4.5.jar:/home/sak/.m2/repository/org/neo4j/cypher-ast-factory/4.4.5/cypher-ast-factory-4.4.5.jar:/home/sak/.m2/repository/org/neo4j/neo4j-cypher-ast-factory/4.4.5/neo4j-cypher-ast-factory-4.4.5.jar:/home/sak/.m2/repository/com/github/ben-manes/caffeine/caffeine/3.0.3/caffeine-3.0.3.jar:/home/sak/.m2/repository/org/neo4j/neo4j-rewriting/4.4.5/neo4j-rewriting-4.4.5.jar:/home/sak/.m2/repository/org/neo4j/neo4j-cypher/4.4.5/neo4j-cypher-4.4.5.jar:/home/sak/.m2/repository/org/scala-lang/scala-library/2.12.13/scala-library-2.12.13.jar:/home/sak/.m2/repository/org/neo4j/neo4j-exceptions/4.4.5/neo4j-exceptions-4.4.5.jar:/home/sak/.m2/repository/org/neo4j/neo4j-util/4.4.5/neo4j-util-4.4.5.jar:/home/sak/.m2/repository/org/neo4j/neo4j-cypher-config/4.4.5/neo4j-cypher-config-4.4.5.jar:/home/sak/.m2/repository/com/propensive/magnolia_2.12/0.17.0/magnolia_2.12-0.17.0.jar:/home/sak/.m2/repository/com/propensive/mercator_2.12/0.2.1/mercator_2.12-0.2.1.jar:/home/sak/.m2/repository/org/neo4j/neo4j-cypher-planner-spi/4.4.5/neo4j-cypher-planner-spi-4.4.5.jar:/home/sak/.m2/repository/org/neo4j/neo4j-cypher-interpreted-runtime/4.4.5/neo4j-cypher-interpreted-runtime-4.4.5.jar:/home/sak/.m2/repository/org/parboiled/parboiled-scala_2.12/1.2.0/parboiled-scala_2.12-1.2.0.jar:/home/sak/.m2/repository/org/parboiled/parboiled-core/1.2.0/parboiled-core-1.2.0.jar:/home/sak/.m2/repository/org/apache/shiro/shiro-core/1.8.0/shiro-core-1.8.0.jar:/home/sak/.m2/repository/org/apache/shiro/shiro-lang/1.8.0/shiro-lang-1.8.0.jar:/home/sak/.m2/repository/org/apache/shiro/shiro-cache/1.8.0/shiro-cache-1.8.0.jar:/home/sak/.m2/repository/org/apache/shiro/shiro-crypto-hash/1.8.0/shiro-crypto-hash-1.8.0.jar:/home/sak/.m2/repository/org/apache/shiro/shiro-crypto-core/1.8.0/shiro-crypto-core-1.8.0.jar:/home/sak/.m2/repository/org/apache/shiro/shiro-crypto-cipher/1.8.0/shiro-crypto-cipher-1.8.0.jar:/home/sak/.m2/repository/org/apache/shiro/shiro-config-core/1.8.0/shiro-config-core-1.8.0.jar:/home/sak/.m2/repository/org/apache/shiro/shiro-config-ogdl/1.8.0/shiro-config-ogdl-1.8.0.jar:/home/sak/.m2/repository/commons-beanutils/commons-beanutils/1.9.4/commons-beanutils-1.9.4.jar:/home/sak/.m2/repository/commons-collections/commons-collections/3.2.2/commons-collections-3.2.2.jar:/home/sak/.m2/repository/org/apache/shiro/shiro-event/1.8.0/shiro-event-1.8.0.jar:/home/sak/.m2/repository/org/neo4j/neo4j-security/4.4.5/neo4j-security-4.4.5.jar:/home/sak/.m2/repository/org/neo4j/neo4j-command-line/4.4.5/neo4j-command-line-4.4.5.jar:/home/sak/.m2/repository/info/picocli/picocli/4.6.1/picocli-4.6.1.jar:/home/sak/.m2/repository/org/neo4j/neo4j-bolt/4.4.5/neo4j-bolt-4.4.5.jar:/home/sak/.m2/repository/org/neo4j/neo4j-ssl/4.4.5/neo4j-ssl-4.4.5.jar:/home/sak/.m2/repository/org/neo4j/server-api/4.4.5/server-api-4.4.5.jar:/home/sak/.m2/repository/javax/ws/rs/javax.ws.rs-api/2.1.1/javax.ws.rs-api-2.1.1.jar:/home/sak/.m2/repository/io/netty/netty-codec-http/4.1.73.Final/netty-codec-http-4.1.73.Final.jar:/home/sak/.m2/repository/io/netty/netty-common/4.1.73.Final/netty-common-4.1.73.Final.jar:/home/sak/.m2/repository/io/netty/netty-buffer/4.1.73.Final/netty-buffer-4.1.73.Final.jar:/home/sak/.m2/repository/io/netty/netty-transport/4.1.73.Final/netty-transport-4.1.73.Final.jar:/home/sak/.m2/repository/io/netty/netty-codec/4.1.73.Final/netty-codec-4.1.73.Final.jar:/home/sak/.m2/repository/io/netty/netty-transport-native-epoll/4.1.73.Final/netty-transport-native-epoll-4.1.73.Final-linux-x86_64.jar:/home/sak/.m2/repository/io/netty/netty-transport-native-unix-common/4.1.73.Final/netty-transport-native-unix-common-4.1.73.Final.jar:/home/sak/.m2/repository/io/netty/netty-transport-classes-epoll/4.1.73.Final/netty-transport-classes-epoll-4.1.73.Final.jar:/home/sak/.m2/repository/io/netty/netty-transport-native-epoll/4.1.73.Final/netty-transport-native-epoll-4.1.73.Final-linux-aarch_64.jar:/home/sak/.m2/repository/org/bouncycastle/bcpkix-jdk15on/1.69/bcpkix-jdk15on-1.69.jar:/home/sak/.m2/repository/org/bouncycastle/bcutil-jdk15on/1.69/bcutil-jdk15on-1.69.jar:/home/sak/.m2/repository/org/neo4j/neo4j-consistency-check/4.4.5/neo4j-consistency-check-4.4.5.jar:/home/sak/.m2/repository/org/neo4j/neo4j-record-storage-engine/4.4.5/neo4j-record-storage-engine-4.4.5.jar:/home/sak/.m2/repository/org/neo4j/neo4j-storage-engine-util/4.4.5/neo4j-storage-engine-util-4.4.5.jar:/home/sak/.m2/repository/org/neo4j/neo4j-dbms/4.4.5/neo4j-dbms-4.4.5.jar:/home/sak/.m2/repository/org/jprocesses/jProcesses/1.6.5/jProcesses-1.6.5.jar:/home/sak/.m2/repository/com/profesorfalken/WMI4Java/1.6.3/WMI4Java-1.6.3.jar:/home/sak/.m2/repository/com/profesorfalken/jPowerShell/3.0/jPowerShell-3.0.jar:/home/sak/.m2/repository/org/apache/commons/commons-compress/1.21/commons-compress-1.21.jar:/home/sak/.m2/repository/org/apache/commons/commons-text/1.9/commons-text-1.9.jar:/home/sak/.m2/repository/org/neo4j/licensing-proxy/zstd-proxy/4.4.5/zstd-proxy-4.4.5.jar:/home/sak/.m2/repository/com/github/luben/zstd-jni/1.5.0-4/zstd-jni-1.5.0-4.jar:/home/sak/.m2/repository/org/neo4j/neo4j-import-tool/4.4.5/neo4j-import-tool-4.4.5.jar:/home/sak/.m2/repository/org/neo4j/neo4j-batch-insert/4.4.5/neo4j-batch-insert-4.4.5.jar:/home/sak/.m2/repository/org/neo4j/app/neo4j-server/4.4.5/neo4j-server-4.4.5.jar:/home/sak/.m2/repository/org/eclipse/jetty/jetty-server/9.4.43.v20210629/jetty-server-9.4.43.v20210629.jar:/home/sak/.m2/repository/javax/servlet/javax.servlet-api/3.1.0/javax.servlet-api-3.1.0.jar:/home/sak/.m2/repository/org/eclipse/jetty/jetty-http/9.4.43.v20210629/jetty-http-9.4.43.v20210629.jar:/home/sak/.m2/repository/org/eclipse/jetty/jetty-util/9.4.43.v20210629/jetty-util-9.4.43.v20210629.jar:/home/sak/.m2/repository/org/eclipse/jetty/jetty-io/9.4.43.v20210629/jetty-io-9.4.43.v20210629.jar:/home/sak/.m2/repository/org/eclipse/jetty/jetty-webapp/9.4.43.v20210629/jetty-webapp-9.4.43.v20210629.jar:/home/sak/.m2/repository/org/eclipse/jetty/jetty-xml/9.4.43.v20210629/jetty-xml-9.4.43.v20210629.jar:/home/sak/.m2/repository/org/eclipse/jetty/jetty-servlet/9.4.43.v20210629/jetty-servlet-9.4.43.v20210629.jar:/home/sak/.m2/repository/org/eclipse/jetty/jetty-security/9.4.43.v20210629/jetty-security-9.4.43.v20210629.jar:/home/sak/.m2/repository/org/eclipse/jetty/jetty-util-ajax/9.4.43.v20210629/jetty-util-ajax-9.4.43.v20210629.jar:/home/sak/.m2/repository/org/glassfish/jersey/core/jersey-server/2.34/jersey-server-2.34.jar:/home/sak/.m2/repository/org/glassfish/jersey/core/jersey-common/2.34/jersey-common-2.34.jar:/home/sak/.m2/repository/org/glassfish/hk2/osgi-resource-locator/1.0.3/osgi-resource-locator-1.0.3.jar:/home/sak/.m2/repository/org/glassfish/jersey/core/jersey-client/2.34/jersey-client-2.34.jar:/home/sak/.m2/repository/jakarta/ws/rs/jakarta.ws.rs-api/2.1.6/jakarta.ws.rs-api-2.1.6.jar:/home/sak/.m2/repository/jakarta/annotation/jakarta.annotation-api/1.3.5/jakarta.annotation-api-1.3.5.jar:/home/sak/.m2/repository/org/glassfish/hk2/external/jakarta.inject/2.6.1/jakarta.inject-2.6.1.jar:/home/sak/.m2/repository/jakarta/validation/jakarta.validation-api/2.0.2/jakarta.validation-api-2.0.2.jar:/home/sak/.m2/repository/org/glassfish/jersey/inject/jersey-hk2/2.34/jersey-hk2-2.34.jar:/home/sak/.m2/repository/org/glassfish/hk2/hk2-locator/2.6.1/hk2-locator-2.6.1.jar:/home/sak/.m2/repository/org/glassfish/hk2/hk2-api/2.6.1/hk2-api-2.6.1.jar:/home/sak/.m2/repository/org/glassfish/hk2/hk2-utils/2.6.1/hk2-utils-2.6.1.jar:/home/sak/.m2/repository/org/javassist/javassist/3.25.0-GA/javassist-3.25.0-GA.jar:/home/sak/.m2/repository/org/glassfish/jersey/containers/jersey-container-servlet/2.34/jersey-container-servlet-2.34.jar:/home/sak/.m2/repository/org/glassfish/jersey/containers/jersey-container-servlet-core/2.34/jersey-container-servlet-core-2.34.jar:/home/sak/.m2/repository/com/fasterxml/jackson/core/jackson-core/2.12.4/jackson-core-2.12.4.jar:/home/sak/.m2/repository/com/fasterxml/jackson/jaxrs/jackson-jaxrs-json-provider/2.12.4/jackson-jaxrs-json-provider-2.12.4.jar:/home/sak/.m2/repository/com/fasterxml/jackson/jaxrs/jackson-jaxrs-base/2.12.4/jackson-jaxrs-base-2.12.4.jar:/home/sak/.m2/repository/com/fasterxml/jackson/module/jackson-module-jaxb-annotations/2.12.4/jackson-module-jaxb-annotations-2.12.4.jar:/home/sak/.m2/repository/com/fasterxml/jackson/core/jackson-databind/2.12.4/jackson-databind-2.12.4.jar:/home/sak/.m2/repository/com/fasterxml/jackson/core/jackson-annotations/2.12.4/jackson-annotations-2.12.4.jar:/home/sak/.m2/repository/org/bouncycastle/bcprov-jdk15on/1.69/bcprov-jdk15on-1.69.jar:/home/sak/.m2/repository/org/glassfish/jaxb/jaxb-runtime/2.3.2/jaxb-runtime-2.3.2.jar:/home/sak/.m2/repository/org/glassfish/jaxb/txw2/2.3.2/txw2-2.3.2.jar:/home/sak/.m2/repository/com/sun/istack/istack-commons-runtime/3.0.8/istack-commons-runtime-3.0.8.jar:/home/sak/.m2/repository/org/jvnet/staxex/stax-ex/1.8.1/stax-ex-1.8.1.jar:/home/sak/.m2/repository/com/sun/xml/fastinfoset/FastInfoset/1.2.16/FastInfoset-1.2.16.jar:/home/sak/.m2/repository/jakarta/activation/jakarta.activation-api/1.2.1/jakarta.activation-api-1.2.1.jar:/home/sak/.m2/repository/javax/xml/bind/jaxb-api/2.3.0/jaxb-api-2.3.0.jar:/home/sak/.m2/repository/org/neo4j/neo4j-buffers/4.4.5/neo4j-buffers-4.4.5.jar:/home/sak/.m2/repository/io/netty/netty-handler/4.1.73.Final/netty-handler-4.1.73.Final.jar:/home/sak/.m2/repository/io/netty/netty-resolver/4.1.73.Final/netty-resolver-4.1.73.Final.jar:/home/sak/.m2/repository/io/netty/netty-tcnative-classes/2.0.46.Final/netty-tcnative-classes-2.0.46.Final.jar:/home/sak/.m2/repository/org/neo4j/neo4j-capabilities/4.4.5/neo4j-capabilities-4.4.5.jar:/home/sak/.m2/repository/org/neo4j/test/neo4j-harness/4.4.5/neo4j-harness-4.4.5.jar:/home/sak/.m2/repository/org/slf4j/slf4j-nop/1.7.30/slf4j-nop-1.7.30.jar:/home/sak/.m2/repository/org/slf4j/slf4j-api/1.7.30/slf4j-api-1.7.30.jar:/home/sak/.m2/repository/org/neo4j/test-utils/4.4.5/test-utils-4.4.5.jar:/home/sak/.m2/repository/org/ow2/asm/asm/9.2/asm-9.2.jar:/home/sak/.m2/repository/org/junit/jupiter/junit-jupiter/5.7.2/junit-jupiter-5.7.2.jar:/home/sak/.m2/repository/org/junit/jupiter/junit-jupiter-params/5.7.2/junit-jupiter-params-5.7.2.jar:/home/sak/.m2/repository/org/mockito/mockito-core/3.12.4/mockito-core-3.12.4.jar:/home/sak/.m2/repository/net/bytebuddy/byte-buddy/1.11.13/byte-buddy-1.11.13.jar:/home/sak/.m2/repository/net/bytebuddy/byte-buddy-agent/1.11.13/byte-buddy-agent-1.11.13.jar:/home/sak/.m2/repository/org/objenesis/objenesis/3.2/objenesis-3.2.jar:/home/sak/.m2/repository/org/hamcrest/hamcrest/2.2/hamcrest-2.2.jar:/home/sak/.m2/repository/org/awaitility/awaitility/4.1.0/awaitility-4.1.0.jar:/home/sak/.m2/repository/org/neo4j/io-test-utils/4.4.5/io-test-utils-4.4.5.jar:/home/sak/.m2/repository/commons-logging/commons-logging/1.2/commons-logging-1.2.jar:/home/sak/.m2/repository/org/neo4j/app/neo4j-server/4.4.5/neo4j-server-4.4.5-tests.jar:/home/sak/.m2/repository/commons-codec/commons-codec/1.15/commons-codec-1.15.jar:/home/sak/.m2/repository/org/neo4j/driver/neo4j-java-driver/4.4.5/neo4j-java-driver-4.4.5.jar:/home/sak/.m2/repository/org/reactivestreams/reactive-streams/1.0.3/reactive-streams-1.0.3.jar:/home/sak/.m2/repository/org/junit/jupiter/junit-jupiter-engine/5.8.2/junit-jupiter-engine-5.8.2.jar:/home/sak/.m2/repository/org/junit/platform/junit-platform-engine/1.8.2/junit-platform-engine-1.8.2.jar:/home/sak/.m2/repository/org/opentest4j/opentest4j/1.2.0/opentest4j-1.2.0.jar:/home/sak/.m2/repository/org/junit/platform/junit-platform-commons/1.8.2/junit-platform-commons-1.8.2.jar:/home/sak/.m2/repository/org/junit/jupiter/junit-jupiter-api/5.8.2/junit-jupiter-api-5.8.2.jar:/home/sak/.m2/repository/org/apiguardian/apiguardian-api/1.1.2/apiguardian-api-1.1.2.jar:/home/sak/.m2/repository/org/assertj/assertj-core/3.22.0/assertj-core-3.22.0.jar:"/>
    <property name="java.vm.vendor" value="Ubuntu"/>
    <property name="sun.arch.data.model" value="64"/>
    <property name="java.vendor.url" value="https://ubuntu.com/"/>
    <property name="user.timezone" value=""/>
    <property name="java.vm.specification.version" value="11"/>
    <property name="os.name" value="Linux"/>
    <property name="sun.java.launcher" value="SUN_STANDARD"/>
    <property name="user.country" value="US"/>
    <property name="sun.boot.library.path" value="/usr/lib/jvm/java-11-openjdk-amd64/lib"/>
    <property name="sun.java.command" value="/home/sak/Desktop/intensive_course/term_project/neo4j-procedure-template/target/surefire/surefirebooter9020660561332435758.jar /home/sak/Desktop/intensive_course/term_project/neo4j-procedure-template/target/surefire 2022-12-06T22-30-21_060-jvmRun1 surefire13576299575949956201tmp surefire_03790772123088173506tmp"/>
    <property name="jdk.debug" value="release"/>
    <property name="surefire.test.class.path" value="/home/sak/Desktop/intensive_course/term_project/neo4j-procedure-template/target/test-classes:/home/sak/Desktop/intensive_course/term_project/neo4j-procedure-template/target/classes:/home/sak/.m2/repository/org/neo4j/neo4j/4.4.5/neo4j-4.4.5.jar:/home/sak/.m2/repository/org/neo4j/annotations/4.4.5/annotations-4.4.5.jar:/home/sak/.m2/repository/org/eclipse/collections/eclipse-collections/10.4.0/eclipse-collections-10.4.0.jar:/home/sak/.m2/repository/org/eclipse/collections/eclipse-collections-api/10.4.0/eclipse-collections-api-10.4.0.jar:/home/sak/.m2/repository/org/apache/commons/commons-lang3/3.12.0/commons-lang3-3.12.0.jar:/home/sak/.m2/repository/org/neo4j/neo4j-kernel/4.4.5/neo4j-kernel-4.4.5.jar:/home/sak/.m2/repository/org/neo4j/neo4j-native/4.4.5/neo4j-native-4.4.5.jar:/home/sak/.m2/repository/net/java/dev/jna/jna/5.9.0/jna-5.9.0.jar:/home/sak/.m2/repository/org/neo4j/neo4j-graphdb-api/4.4.5/neo4j-graphdb-api-4.4.5.jar:/home/sak/.m2/repository/org/neo4j/neo4j-storage-engine-api/4.4.5/neo4j-storage-engine-api-4.4.5.jar:/home/sak/.m2/repository/org/neo4j/neo4j-lock/4.4.5/neo4j-lock-4.4.5.jar:/home/sak/.m2/repository/org/neo4j/neo4j-diagnostics/4.4.5/neo4j-diagnostics-4.4.5.jar:/home/sak/.m2/repository/org/neo4j/neo4j-token-api/4.4.5/neo4j-token-api-4.4.5.jar:/home/sak/.m2/repository/org/neo4j/neo4j-schema/4.4.5/neo4j-schema-4.4.5.jar:/home/sak/.m2/repository/org/neo4j/neo4j-monitoring/4.4.5/neo4j-monitoring-4.4.5.jar:/home/sak/.m2/repository/org/neo4j/neo4j-kernel-api/4.4.5/neo4j-kernel-api-4.4.5.jar:/home/sak/.m2/repository/org/neo4j/neo4j-common/4.4.5/neo4j-common-4.4.5.jar:/home/sak/.m2/repository/org/neo4j/neo4j-values/4.4.5/neo4j-values-4.4.5.jar:/home/sak/.m2/repository/org/neo4j/neo4j-unsafe/4.4.5/neo4j-unsafe-4.4.5.jar:/home/sak/.m2/repository/com/github/jbellis/jamm/0.3.3/jamm-0.3.3.jar:/home/sak/.m2/repository/org/neo4j/neo4j-collections/4.4.5/neo4j-collections-4.4.5.jar:/home/sak/.m2/repository/org/neo4j/neo4j-io/4.4.5/neo4j-io-4.4.5.jar:/home/sak/.m2/repository/org/neo4j/neo4j-concurrent/4.4.5/neo4j-concurrent-4.4.5.jar:/home/sak/.m2/repository/org/neo4j/neo4j-logging/4.4.5/neo4j-logging-4.4.5.jar:/home/sak/.m2/repository/org/codehaus/jettison/jettison/1.4.1/jettison-1.4.1.jar:/home/sak/.m2/repository/org/neo4j/neo4j-configuration/4.4.5/neo4j-configuration-4.4.5.jar:/home/sak/.m2/repository/com/github/seancfoley/ipaddress/5.3.3/ipaddress-5.3.3.jar:/home/sak/.m2/repository/org/neo4j/neo4j-layout/4.4.5/neo4j-layout-4.4.5.jar:/home/sak/.m2/repository/org/neo4j/neo4j-index/4.4.5/neo4j-index-4.4.5.jar:/home/sak/.m2/repository/org/neo4j/neo4j-spatial-index/4.4.5/neo4j-spatial-index-4.4.5.jar:/home/sak/.m2/repository/org/neo4j/neo4j-id-generator/4.4.5/neo4j-id-generator-4.4.5.jar:/home/sak/.m2/repository/org/neo4j/neo4j-wal/4.4.5/neo4j-wal-4.4.5.jar:/home/sak/.m2/repository/org/neo4j/neo4j-import-util/4.4.5/neo4j-import-util-4.4.5.jar:/home/sak/.m2/repository/org/neo4j/neo4j-csv/4.4.5/neo4j-csv-4.4.5.jar:/home/sak/.m2/repository/org/jctools/jctools-core/3.3.0/jctools-core-3.3.0.jar:/home/sak/.m2/repository/commons-io/commons-io/2.11.0/commons-io-2.11.0.jar:/home/sak/.m2/repository/org/neo4j/neo4j-fabric/4.4.5/neo4j-fabric-4.4.5.jar:/home/sak/.m2/repository/io/projectreactor/reactor-core/3.4.11/reactor-core-3.4.11.jar:/home/sak/.m2/repository/org/neo4j/neo4j-front-end/4.4.5/neo4j-front-end-4.4.5.jar:/home/sak/.m2/repository/org/neo4j/neo4j-expressions/4.4.5/neo4j-expressions-4.4.5.jar:/home/sak/.m2/repository/org/neo4j/neo4j-parser/4.4.5/neo4j-parser-4.4.5.jar:/home/sak/.m2/repository/org/neo4j/neo4j-cypher-macros/4.4.5/neo4j-cypher-macros-4.4.5.jar:/home/sak/.m2/repository/org/scala-lang/scala-reflect/2.12.13/scala-reflect-2.12.13.jar:/home/sak/.m2/repository/org/neo4j/neo4j-procedure/4.4.5/neo4j-procedure-4.4.5.jar:/home/sak/.m2/repository/org/neo4j/neo4j-procedure-api/4.4.5/neo4j-procedure-api-4.4.5.jar:/home/sak/.m2/repository/org/neo4j/neo4j-codegen/4.4.5/neo4j-codegen-4.4.5.jar:/home/sak/.m2/repository/org/ow2/asm/asm-util/9.2/asm-util-9.2.jar:/home/sak/.m2/repository/org/ow2/asm/asm-analysis/9.2/asm-analysis-9.2.jar:/home/sak/.m2/repository/org/ow2/asm/asm-tree/9.2/asm-tree-9.2.jar:/home/sak/.m2/repository/org/neo4j/neo4j-cypher-expression-evaluator/4.4.5/neo4j-cypher-expression-evaluator-4.4.5.jar:/home/sak/.m2/repository/org/neo4j/neo4j-ast/4.4.5/neo4j-ast-4.4.5.jar:/home/sak/.m2/repository/org/neo4j/neo4j-lucene-index/4.4.5/neo4j-lucene-index-4.4.5.jar:/home/sak/.m2/repository/org/neo4j/neo4j-resource/4.4.5/neo4j-resource-4.4.5.jar:/home/sak/.m2/repository/org/apache/lucene/lucene-analyzers-common/8.9.0/lucene-analyzers-common-8.9.0.jar:/home/sak/.m2/repository/org/apache/lucene/lucene-core/8.9.0/lucene-core-8.9.0.jar:/home/sak/.m2/repository/org/apache/lucene/lucene-queryparser/8.9.0/lucene-queryparser-8.9.0.jar:/home/sak/.m2/repository/org/apache/lucene/lucene-backward-codecs/8.9.0/lucene-backward-codecs-8.9.0.jar:/home/sak/.m2/repository/org/neo4j/neo4j-fulltext-index/4.4.5/neo4j-fulltext-index-4.4.5.jar:/home/sak/.m2/repository/org/neo4j/neo4j-graph-algo/4.4.5/neo4j-graph-algo-4.4.5.jar:/home/sak/.m2/repository/org/neo4j/neo4j-cypher-runtime-util/4.4.5/neo4j-cypher-runtime-util-4.4.5.jar:/home/sak/.m2/repository/org/neo4j/neo4j-cypher-logical-plans/4.4.5/neo4j-cypher-logical-plans-4.4.5.jar:/home/sak/.m2/repository/org/neo4j/neo4j-data-collector/4.4.5/neo4j-data-collector-4.4.5.jar:/home/sak/.m2/repository/org/neo4j/neo4j-cypher-planner/4.4.5/neo4j-cypher-planner-4.4.5.jar:/home/sak/.m2/repository/org/neo4j/neo4j-cypher-ir/4.4.5/neo4j-cypher-ir-4.4.5.jar:/home/sak/.m2/repository/org/neo4j/neo4j-cypher-javacc-parser/4.4.5/neo4j-cypher-javacc-parser-4.4.5.jar:/home/sak/.m2/repository/org/neo4j/cypher-ast-factory/4.4.5/cypher-ast-factory-4.4.5.jar:/home/sak/.m2/repository/org/neo4j/neo4j-cypher-ast-factory/4.4.5/neo4j-cypher-ast-factory-4.4.5.jar:/home/sak/.m2/repository/com/github/ben-manes/caffeine/caffeine/3.0.3/caffeine-3.0.3.jar:/home/sak/.m2/repository/org/neo4j/neo4j-rewriting/4.4.5/neo4j-rewriting-4.4.5.jar:/home/sak/.m2/repository/org/neo4j/neo4j-cypher/4.4.5/neo4j-cypher-4.4.5.jar:/home/sak/.m2/repository/org/scala-lang/scala-library/2.12.13/scala-library-2.12.13.jar:/home/sak/.m2/repository/org/neo4j/neo4j-exceptions/4.4.5/neo4j-exceptions-4.4.5.jar:/home/sak/.m2/repository/org/neo4j/neo4j-util/4.4.5/neo4j-util-4.4.5.jar:/home/sak/.m2/repository/org/neo4j/neo4j-cypher-config/4.4.5/neo4j-cypher-config-4.4.5.jar:/home/sak/.m2/repository/com/propensive/magnolia_2.12/0.17.0/magnolia_2.12-0.17.0.jar:/home/sak/.m2/repository/com/propensive/mercator_2.12/0.2.1/mercator_2.12-0.2.1.jar:/home/sak/.m2/repository/org/neo4j/neo4j-cypher-planner-spi/4.4.5/neo4j-cypher-planner-spi-4.4.5.jar:/home/sak/.m2/repository/org/neo4j/neo4j-cypher-interpreted-runtime/4.4.5/neo4j-cypher-interpreted-runtime-4.4.5.jar:/home/sak/.m2/repository/org/parboiled/parboiled-scala_2.12/1.2.0/parboiled-scala_2.12-1.2.0.jar:/home/sak/.m2/repository/org/parboiled/parboiled-core/1.2.0/parboiled-core-1.2.0.jar:/home/sak/.m2/repository/org/apache/shiro/shiro-core/1.8.0/shiro-core-1.8.0.jar:/home/sak/.m2/repository/org/apache/shiro/shiro-lang/1.8.0/shiro-lang-1.8.0.jar:/home/sak/.m2/repository/org/apache/shiro/shiro-cache/1.8.0/shiro-cache-1.8.0.jar:/home/sak/.m2/repository/org/apache/shiro/shiro-crypto-hash/1.8.0/shiro-crypto-hash-1.8.0.jar:/home/sak/.m2/repository/org/apache/shiro/shiro-crypto-core/1.8.0/shiro-crypto-core-1.8.0.jar:/home/sak/.m2/repository/org/apache/shiro/shiro-crypto-cipher/1.8.0/shiro-crypto-cipher-1.8.0.jar:/home/sak/.m2/repository/org/apache/shiro/shiro-config-core/1.8.0/shiro-config-core-1.8.0.jar:/home/sak/.m2/repository/org/apache/shiro/shiro-config-ogdl/1.8.0/shiro-config-ogdl-1.8.0.jar:/home/sak/.m2/repository/commons-beanutils/commons-beanutils/1.9.4/commons-beanutils-1.9.4.jar:/home/sak/.m2/repository/commons-collections/commons-collections/3.2.2/commons-collections-3.2.2.jar:/home/sak/.m2/repository/org/apache/shiro/shiro-event/1.8.0/shiro-event-1.8.0.jar:/home/sak/.m2/repository/org/neo4j/neo4j-security/4.4.5/neo4j-security-4.4.5.jar:/home/sak/.m2/repository/org/neo4j/neo4j-command-line/4.4.5/neo4j-command-line-4.4.5.jar:/home/sak/.m2/repository/info/picocli/picocli/4.6.1/picocli-4.6.1.jar:/home/sak/.m2/repository/org/neo4j/neo4j-bolt/4.4.5/neo4j-bolt-4.4.5.jar:/home/sak/.m2/repository/org/neo4j/neo4j-ssl/4.4.5/neo4j-ssl-4.4.5.jar:/home/sak/.m2/repository/org/neo4j/server-api/4.4.5/server-api-4.4.5.jar:/home/sak/.m2/repository/javax/ws/rs/javax.ws.rs-api/2.1.1/javax.ws.rs-api-2.1.1.jar:/home/sak/.m2/repository/io/netty/netty-codec-http/4.1.73.Final/netty-codec-http-4.1.73.Final.jar:/home/sak/.m2/repository/io/netty/netty-common/4.1.73.Final/netty-common-4.1.73.Final.jar:/home/sak/.m2/repository/io/netty/netty-buffer/4.1.73.Final/netty-buffer-4.1.73.Final.jar:/home/sak/.m2/repository/io/netty/netty-transport/4.1.73.Final/netty-transport-4.1.73.Final.jar:/home/sak/.m2/repository/io/netty/netty-codec/4.1.73.Final/netty-codec-4.1.73.Final.jar:/home/sak/.m2/repository/io/netty/netty-transport-native-epoll/4.1.73.Final/netty-transport-native-epoll-4.1.73.Final-linux-x86_64.jar:/home/sak/.m2/repository/io/netty/netty-transport-native-unix-common/4.1.73.Final/netty-transport-native-unix-common-4.1.73.Final.jar:/home/sak/.m2/repository/io/netty/netty-transport-classes-epoll/4.1.73.Final/netty-transport-classes-epoll-4.1.73.Final.jar:/home/sak/.m2/repository/io/netty/netty-transport-native-epoll/4.1.73.Final/netty-transport-native-epoll-4.1.73.Final-linux-aarch_64.jar:/home/sak/.m2/repository/org/bouncycastle/bcpkix-jdk15on/1.69/bcpkix-jdk15on-1.69.jar:/home/sak/.m2/repository/org/bouncycastle/bcutil-jdk15on/1.69/bcutil-jdk15on-1.69.jar:/home/sak/.m2/repository/org/neo4j/neo4j-consistency-check/4.4.5/neo4j-consistency-check-4.4.5.jar:/home/sak/.m2/repository/org/neo4j/neo4j-record-storage-engine/4.4.5/neo4j-record-storage-engine-4.4.5.jar:/home/sak/.m2/repository/org/neo4j/neo4j-storage-engine-util/4.4.5/neo4j-storage-engine-util-4.4.5.jar:/home/sak/.m2/repository/org/neo4j/neo4j-dbms/4.4.5/neo4j-dbms-4.4.5.jar:/home/sak/.m2/repository/org/jprocesses/jProcesses/1.6.5/jProcesses-1.6.5.jar:/home/sak/.m2/repository/com/profesorfalken/WMI4Java/1.6.3/WMI4Java-1.6.3.jar:/home/sak/.m2/repository/com/profesorfalken/jPowerShell/3.0/jPowerShell-3.0.jar:/home/sak/.m2/repository/org/apache/commons/commons-compress/1.21/commons-compress-1.21.jar:/home/sak/.m2/repository/org/apache/commons/commons-text/1.9/commons-text-1.9.jar:/home/sak/.m2/repository/org/neo4j/licensing-proxy/zstd-proxy/4.4.5/zstd-proxy-4.4.5.jar:/home/sak/.m2/repository/com/github/luben/zstd-jni/1.5.0-4/zstd-jni-1.5.0-4.jar:/home/sak/.m2/repository/org/neo4j/neo4j-import-tool/4.4.5/neo4j-import-tool-4.4.5.jar:/home/sak/.m2/repository/org/neo4j/neo4j-batch-insert/4.4.5/neo4j-batch-insert-4.4.5.jar:/home/sak/.m2/repository/org/neo4j/app/neo4j-server/4.4.5/neo4j-server-4.4.5.jar:/home/sak/.m2/repository/org/eclipse/jetty/jetty-server/9.4.43.v20210629/jetty-server-9.4.43.v20210629.jar:/home/sak/.m2/repository/javax/servlet/javax.servlet-api/3.1.0/javax.servlet-api-3.1.0.jar:/home/sak/.m2/repository/org/eclipse/jetty/jetty-http/9.4.43.v20210629/jetty-http-9.4.43.v20210629.jar:/home/sak/.m2/repository/org/eclipse/jetty/jetty-util/9.4.43.v20210629/jetty-util-9.4.43.v20210629.jar:/home/sak/.m2/repository/org/eclipse/jetty/jetty-io/9.4.43.v20210629/jetty-io-9.4.43.v20210629.jar:/home/sak/.m2/repository/org/eclipse/jetty/jetty-webapp/9.4.43.v20210629/jetty-webapp-9.4.43.v20210629.jar:/home/sak/.m2/repository/org/eclipse/jetty/jetty-xml/9.4.43.v20210629/jetty-xml-9.4.43.v20210629.jar:/home/sak/.m2/repository/org/eclipse/jetty/jetty-servlet/9.4.43.v20210629/jetty-servlet-9.4.43.v20210629.jar:/home/sak/.m2/repository/org/eclipse/jetty/jetty-security/9.4.43.v20210629/jetty-security-9.4.43.v20210629.jar:/home/sak/.m2/repository/org/eclipse/jetty/jetty-util-ajax/9.4.43.v20210629/jetty-util-ajax-9.4.43.v20210629.jar:/home/sak/.m2/repository/org/glassfish/jersey/core/jersey-server/2.34/jersey-server-2.34.jar:/home/sak/.m2/repository/org/glassfish/jersey/core/jersey-common/2.34/jersey-common-2.34.jar:/home/sak/.m2/repository/org/glassfish/hk2/osgi-resource-locator/1.0.3/osgi-resource-locator-1.0.3.jar:/home/sak/.m2/repository/org/glassfish/jersey/core/jersey-client/2.34/jersey-client-2.34.jar:/home/sak/.m2/repository/jakarta/ws/rs/jakarta.ws.rs-api/2.1.6/jakarta.ws.rs-api-2.1.6.jar:/home/sak/.m2/repository/jakarta/annotation/jakarta.annotation-api/1.3.5/jakarta.annotation-api-1.3.5.jar:/home/sak/.m2/repository/org/glassfish/hk2/external/jakarta.inject/2.6.1/jakarta.inject-2.6.1.jar:/home/sak/.m2/repository/jakarta/validation/jakarta.validation-api/2.0.2/jakarta.validation-api-2.0.2.jar:/home/sak/.m2/repository/org/glassfish/jersey/inject/jersey-hk2/2.34/jersey-hk2-2.34.jar:/home/sak/.m2/repository/org/glassfish/hk2/hk2-locator/2.6.1/hk2-locator-2.6.1.jar:/home/sak/.m2/repository/org/glassfish/hk2/hk2-api/2.6.1/hk2-api-2.6.1.jar:/home/sak/.m2/repository/org/glassfish/hk2/hk2-utils/2.6.1/hk2-utils-2.6.1.jar:/home/sak/.m2/repository/org/javassist/javassist/3.25.0-GA/javassist-3.25.0-GA.jar:/home/sak/.m2/repository/org/glassfish/jersey/containers/jersey-container-servlet/2.34/jersey-container-servlet-2.34.jar:/home/sak/.m2/repository/org/glassfish/jersey/containers/jersey-container-servlet-core/2.34/jersey-container-servlet-core-2.34.jar:/home/sak/.m2/repository/com/fasterxml/jackson/core/jackson-core/2.12.4/jackson-core-2.12.4.jar:/home/sak/.m2/repository/com/fasterxml/jackson/jaxrs/jackson-jaxrs-json-provider/2.12.4/jackson-jaxrs-json-provider-2.12.4.jar:/home/sak/.m2/repository/com/fasterxml/jackson/jaxrs/jackson-jaxrs-base/2.12.4/jackson-jaxrs-base-2.12.4.jar:/home/sak/.m2/repository/com/fasterxml/jackson/module/jackson-module-jaxb-annotations/2.12.4/jackson-module-jaxb-annotations-2.12.4.jar:/home/sak/.m2/repository/com/fasterxml/jackson/core/jackson-databind/2.12.4/jackson-databind-2.12.4.jar:/home/sak/.m2/repository/com/fasterxml/jackson/core/jackson-annotations/2.12.4/jackson-annotations-2.12.4.jar:/home/sak/.m2/repository/org/bouncycastle/bcprov-jdk15on/1.69/bcprov-jdk15on-1.69.jar:/home/sak/.m2/repository/org/glassfish/jaxb/jaxb-runtime/2.3.2/jaxb-runtime-2.3.2.jar:/home/sak/.m2/repository/org/glassfish/jaxb/txw2/2.3.2/txw2-2.3.2.jar:/home/sak/.m2/repository/com/sun/istack/istack-commons-runtime/3.0.8/istack-commons-runtime-3.0.8.jar:/home/sak/.m2/repository/org/jvnet/staxex/stax-ex/1.8.1/stax-ex-1.8.1.jar:/home/sak/.m2/repository/com/sun/xml/fastinfoset/FastInfoset/1.2.16/FastInfoset-1.2.16.jar:/home/sak/.m2/repository/jakarta/activation/jakarta.activation-api/1.2.1/jakarta.activation-api-1.2.1.jar:/home/sak/.m2/repository/javax/xml/bind/jaxb-api/2.3.0/jaxb-api-2.3.0.jar:/home/sak/.m2/repository/org/neo4j/neo4j-buffers/4.4.5/neo4j-buffers-4.4.5.jar:/home/sak/.m2/repository/io/netty/netty-handler/4.1.73.Final/netty-handler-4.1.73.Final.jar:/home/sak/.m2/repository/io/netty/netty-resolver/4.1.73.Final/netty-resolver-4.1.73.Final.jar:/home/sak/.m2/repository/io/netty/netty-tcnative-classes/2.0.46.Final/netty-tcnative-classes-2.0.46.Final.jar:/home/sak/.m2/repository/org/neo4j/neo4j-capabilities/4.4.5/neo4j-capabilities-4.4.5.jar:/home/sak/.m2/repository/org/neo4j/test/neo4j-harness/4.4.5/neo4j-harness-4.4.5.jar:/home/sak/.m2/repository/org/slf4j/slf4j-nop/1.7.30/slf4j-nop-1.7.30.jar:/home/sak/.m2/repository/org/slf4j/slf4j-api/1.7.30/slf4j-api-1.7.30.jar:/home/sak/.m2/repository/org/neo4j/test-utils/4.4.5/test-utils-4.4.5.jar:/home/sak/.m2/repository/org/ow2/asm/asm/9.2/asm-9.2.jar:/home/sak/.m2/repository/org/junit/jupiter/junit-jupiter/5.7.2/junit-jupiter-5.7.2.jar:/home/sak/.m2/repository/org/junit/jupiter/junit-jupiter-params/5.7.2/junit-jupiter-params-5.7.2.jar:/home/sak/.m2/repository/org/mockito/mockito-core/3.12.4/mockito-core-3.12.4.jar:/home/sak/.m2/repository/net/bytebuddy/byte-buddy/1.11.13/byte-buddy-1.11.13.jar:/home/sak/.m2/repository/net/bytebuddy/byte-buddy-agent/1.11.13/byte-buddy-agent-1.11.13.jar:/home/sak/.m2/repository/org/objenesis/objenesis/3.2/objenesis-3.2.jar:/home/sak/.m2/repository/org/hamcrest/hamcrest/2.2/hamcrest-2.2.jar:/home/sak/.m2/repository/org/awaitility/awaitility/4.1.0/awaitility-4.1.0.jar:/home/sak/.m2/repository/org/neo4j/io-test-utils/4.4.5/io-test-utils-4.4.5.jar:/home/sak/.m2/repository/commons-logging/commons-logging/1.2/commons-logging-1.2.jar:/home/sak/.m2/repository/org/neo4j/app/neo4j-server/4.4.5/neo4j-server-4.4.5-tests.jar:/home/sak/.m2/repository/commons-codec/commons-codec/1.15/commons-codec-1.15.jar:/home/sak/.m2/repository/org/neo4j/driver/neo4j-java-driver/4.4.5/neo4j-java-driver-4.4.5.jar:/home/sak/.m2/repository/org/reactivestreams/reactive-streams/1.0.3/reactive-streams-1.0.3.jar:/home/sak/.m2/repository/org/junit/jupiter/junit-jupiter-engine/5.8.2/junit-jupiter-engine-5.8.2.jar:/home/sak/.m2/repository/org/junit/platform/junit-platform-engine/1.8.2/junit-platform-engine-1.8.2.jar:/home/sak/.m2/repository/org/opentest4j/opentest4j/1.2.0/opentest4j-1.2.0.jar:/home/sak/.m2/repository/org/junit/platform/junit-platform-commons/1.8.2/junit-platform-commons-1.8.2.jar:/home/sak/.m2/repository/org/junit/jupiter/junit-jupiter-api/5.8.2/junit-jupiter-api-5.8.2.jar:/home/sak/.m2/repository/org/apiguardian/apiguardian-api/1.1.2/apiguardian-api-1.1.2.jar:/home/sak/.m2/repository/org/assertj/assertj-core/3.22.0/assertj-core-3.22.0.jar:"/>
    <property name="sun.cpu.endian" value="little"/>
    <property name="user.home" value="/home/sak"/>
    <property name="user.language" value="en"/>
    <property name="java.specification.vendor" value="Oracle Corporation"/>
    <property name="java.version.date" value="2022-07-19"/>
    <property name="java.home" value="/usr/lib/jvm/java-11-openjdk-amd64"/>
    <property name="file.separator" value="/"/>
    <property name="basedir" value="/home/sak/Desktop/intensive_course/term_project/neo4j-procedure-template"/>
    <property name="java.vm.compressedOopsMode" value="Zero based"/>
    <property name="line.separator" value="&#10;"/>
    <property name="java.specification.name" value="Java Platform API Specification"/>
    <property name="java.vm.specification.vendor" value="Oracle Corporation"/>
    <property name="java.awt.graphicsenv" value="sun.awt.X11GraphicsEnvironment"/>
    <property name="surefire.real.class.path" value="/home/sak/Desktop/intensive_course/term_project/neo4j-procedure-template/target/surefire/surefirebooter9020660561332435758.jar"/>
    <property name="sun.management.compiler" value="HotSpot 64-Bit Tiered Compilers"/>
    <property name="java.runtime.version" value="11.0.16+8-post-Ubuntu-0ubuntu120.04"/>
    <property name="user.name" value="sak"/>
    <property name="path.separator" value=":"/>
    <property name="os.version" value="5.13.0-30-generic"/>
    <property name="java.runtime.name" value="OpenJDK Runtime Environment"/>
    <property name="file.encoding" value="UTF-8"/>
    <property name="java.vm.name" value="OpenJDK 64-Bit Server VM"/>
    <property name="localRepository" value="/home/sak/.m2/repository"/>
    <property name="java.vendor.url.bug" value="https://bugs.launchpad.net/ubuntu/+source/openjdk-lts"/>
    <property name="java.io.tmpdir" value="/tmp"/>
    <property name="java.version" value="11.0.16"/>
    <property name="user.dir" value="/home/sak/Desktop/intensive_course/term_project/neo4j-procedure-template"/>
    <property name="os.arch" value="amd64"/>
    <property name="java.vm.specification.name" value="Java Virtual Machine Specification"/>
    <property name="java.awt.printerjob" value="sun.print.PSPrinterJob"/>
    <property name="sun.os.patch.level" value="unknown"/>
    <property name="java.library.path" value="/usr/java/packages/lib:/usr/lib/x86_64-linux-gnu/jni:/lib/x86_64-linux-gnu:/usr/lib/x86_64-linux-gnu:/usr/lib/jni:/lib:/usr/lib"/>
    <property name="java.vm.info" value="mixed mode, sharing"/>
    <property name="java.vendor" value="Ubuntu"/>
    <property name="java.vm.version" value="11.0.16+8-post-Ubuntu-0ubuntu120.04"/>
    <property name="sun.io.unicode.encoding" value="UnicodeLittle"/>
    <property name="java.class.version" value="55.0"/>
  </properties>
  <testcase name="shouldReturnSomething" classname="metapath2vec.GetMetaPathWalksTests" time="1.568"/>
</testsuite>